2025-08-24 14:38:51,549 [INFO] Starting temporary server on http://127.0.0.1:8092
See https://docs.prefect.io/v3/concepts/server#how-to-guides for more information on running a dedicated Prefect server.
2025-08-24 14:39:00,325 [INFO] Beginning flow run 'busy-guan' for flow 'customer-churn-ingestion-flow'
2025-08-24 14:39:00,335 [INFO] Starting ingestion flow...
2025-08-24 14:39:01,042 [INFO] CSV ingestion successful. Data saved at data/raw/churn.csv
2025-08-24 14:39:01,048 [INFO] Finished in state Completed()
2025-08-24 14:39:01,209 [INFO] API ingestion successful. Data saved at data/raw/users.csv
2025-08-24 14:39:01,219 [INFO] Finished in state Completed()
2025-08-24 14:39:01,222 [INFO] Ingestion flow completed successfully.
2025-08-24 14:39:01,282 [INFO] Finished in state Completed()
2025-08-24 14:39:01,331 [INFO] Stopping temporary server on http://127.0.0.1:8092
2025-08-24 14:43:42,730 [INFO] Starting temporary server on http://127.0.0.1:8653
See https://docs.prefect.io/v3/concepts/server#how-to-guides for more information on running a dedicated Prefect server.
2025-08-24 14:43:50,937 [INFO] Beginning flow run 'flawless-junglefowl' for flow 'customer-churn-ingestion-flow'
2025-08-24 14:43:50,944 [INFO] Starting ingestion flow...
2025-08-24 14:43:52,481 [INFO] CSV ingestion successful. Data saved at data/raw/churn.csv
2025-08-24 14:43:52,493 [INFO] Finished in state Completed()
2025-08-24 14:43:53,188 [INFO] API ingestion successful. Data saved at data/raw/users.csv
2025-08-24 14:43:53,199 [INFO] Finished in state Completed()
2025-08-24 14:43:53,201 [INFO] Ingestion flow completed successfully.
2025-08-24 14:43:53,299 [INFO] Finished in state Completed()
2025-08-24 14:43:53,326 [INFO] Stopping temporary server on http://127.0.0.1:8653
2025-08-24 18:39:41,402 [INFO] Starting temporary server on http://127.0.0.1:8588
See https://docs.prefect.io/v3/concepts/server#how-to-guides for more information on running a dedicated Prefect server.
2025-08-24 18:39:47,995 [INFO] Beginning flow run 'refreshing-bull' for flow 'customer-churn-ingestion-flow'
2025-08-24 18:39:48,001 [INFO] Starting ingestion flow...
2025-08-24 18:39:48,661 [INFO] CSV ingestion successful. Data saved at data/raw/churn.csv
2025-08-24 18:39:48,668 [INFO] Finished in state Completed()
2025-08-24 18:39:48,854 [INFO] API ingestion successful. Data saved at data/raw/users.csv
2025-08-24 18:39:48,864 [INFO] Finished in state Completed()
2025-08-24 18:39:48,867 [INFO] Ingestion flow completed successfully.
2025-08-24 18:39:48,961 [INFO] Finished in state Completed()
2025-08-24 18:39:49,017 [INFO] Stopping temporary server on http://127.0.0.1:8588
2025-08-24 19:18:46,144 [INFO] Starting temporary server on http://127.0.0.1:8595
See https://docs.prefect.io/v3/concepts/server#how-to-guides for more information on running a dedicated Prefect server.
2025-08-24 19:18:52,838 [INFO] Beginning flow run 'stereotyped-warthog' for flow 'customer-churn-ingestion-flow'
2025-08-24 19:18:52,838 [INFO] Starting ingestion flow...
2025-08-24 19:18:53,432 [INFO] CSV ingestion successful. Data saved at data/raw/churn.csv
2025-08-24 19:18:53,438 [INFO] Finished in state Completed()
2025-08-24 19:18:53,568 [INFO] API ingestion successful. Data saved at data/raw/users.csv
2025-08-24 19:18:53,575 [INFO] Finished in state Completed()
2025-08-24 19:18:53,575 [INFO] Ingestion flow completed successfully.
2025-08-24 19:18:53,623 [INFO] Finished in state Completed()
2025-08-24 19:18:53,652 [INFO] Stopping temporary server on http://127.0.0.1:8595
2025-08-24 19:31:15,298 [INFO] Starting temporary server on http://127.0.0.1:8747
See https://docs.prefect.io/v3/concepts/server#how-to-guides for more information on running a dedicated Prefect server.
2025-08-24 19:31:15,442 [INFO] Starting temporary server on http://127.0.0.1:8823
See https://docs.prefect.io/v3/concepts/server#how-to-guides for more information on running a dedicated Prefect server.
2025-08-24 19:31:23,528 [INFO] Beginning flow run 'statuesque-malamute' for flow 'customer-churn-ingestion-flow'
2025-08-24 19:31:23,535 [INFO] Starting ingestion flow...
2025-08-24 19:31:23,693 [INFO] Beginning flow run 'primitive-turkey' for flow 'customer-churn-ingestion-flow'
2025-08-24 19:31:23,699 [INFO] Starting ingestion flow...
2025-08-24 19:31:24,234 [INFO] CSV ingestion successful. Data saved at data/raw/churn.csv
2025-08-24 19:31:24,240 [INFO] Finished in state Completed()
2025-08-24 19:31:24,259 [INFO] CSV ingestion successful. Data saved at data/raw/churn.csv
2025-08-24 19:31:24,269 [INFO] Finished in state Completed()
2025-08-24 19:31:24,385 [INFO] API ingestion successful. Data saved at data/raw/users.csv
2025-08-24 19:31:24,396 [INFO] API ingestion successful. Data saved at data/raw/users.csv
2025-08-24 19:31:24,398 [INFO] Finished in state Completed()
2025-08-24 19:31:24,405 [INFO] Ingestion flow completed successfully.
2025-08-24 19:31:24,406 [INFO] Finished in state Completed()
2025-08-24 19:31:24,412 [INFO] Ingestion flow completed successfully.
2025-08-24 19:31:24,454 [INFO] Finished in state Completed()
2025-08-24 19:31:24,499 [INFO] Finished in state Completed()
2025-08-24 19:31:24,531 [INFO] Stopping temporary server on http://127.0.0.1:8823
2025-08-24 19:31:24,542 [INFO] Stopping temporary server on http://127.0.0.1:8747
2025-08-24 19:40:20,202 [INFO] Starting temporary server on http://127.0.0.1:8858
See https://docs.prefect.io/v3/concepts/server#how-to-guides for more information on running a dedicated Prefect server.
2025-08-24 19:40:26,759 [INFO] Beginning flow run 'valiant-toad' for flow 'customer-churn-ingestion-flow'
2025-08-24 19:40:26,763 [INFO] Starting ingestion flow...
2025-08-24 19:40:27,317 [INFO] CSV ingestion successful. Data saved at data/raw/churn.csv
2025-08-24 19:40:27,325 [INFO] Finished in state Completed()
2025-08-24 19:40:27,488 [INFO] API ingestion successful. Data saved at data/raw/users.csv
2025-08-24 19:40:27,496 [INFO] Finished in state Completed()
2025-08-24 19:40:27,500 [INFO] Ingestion flow completed successfully.
2025-08-24 19:40:27,537 [INFO] Finished in state Completed()
2025-08-24 19:40:27,572 [INFO] Stopping temporary server on http://127.0.0.1:8858
2025-08-24 19:50:22,710 [INFO] Starting temporary server on http://127.0.0.1:8155
See https://docs.prefect.io/v3/concepts/server#how-to-guides for more information on running a dedicated Prefect server.
2025-08-24 19:50:32,131 [INFO] Beginning flow run 'mahogany-lemming' for flow 'customer-churn-ingestion-flow'
2025-08-24 19:50:32,137 [INFO] Starting ingestion flow...
2025-08-24 19:50:32,891 [INFO] CSV ingestion successful. Data saved at data/raw/churn.csv
2025-08-24 19:50:32,912 [INFO] Finished in state Completed()
2025-08-24 19:50:33,127 [INFO] API ingestion successful. Data saved at data/raw/users.csv
2025-08-24 19:50:33,139 [INFO] Finished in state Completed()
2025-08-24 19:50:33,143 [INFO] Ingestion flow completed successfully.
2025-08-24 19:50:33,195 [INFO] Finished in state Completed()
2025-08-24 19:50:33,244 [INFO] Stopping temporary server on http://127.0.0.1:8155
2025-08-24 19:55:30,777 [INFO] Starting temporary server on http://127.0.0.1:8953
See https://docs.prefect.io/v3/concepts/server#how-to-guides for more information on running a dedicated Prefect server.
2025-08-24 19:55:39,628 [INFO] Beginning flow run 'nice-poodle' for flow 'customer-churn-ingestion-flow'
2025-08-24 19:55:39,636 [INFO] Starting ingestion flow...
2025-08-24 19:55:40,339 [INFO] CSV ingestion successful. Data saved at data/raw/churn.csv
2025-08-24 19:55:40,348 [INFO] Finished in state Completed()
2025-08-24 19:55:40,531 [INFO] API ingestion successful. Data saved at data/raw/users.csv
2025-08-24 19:55:40,543 [INFO] Finished in state Completed()
2025-08-24 19:55:40,546 [INFO] Ingestion flow completed successfully.
2025-08-24 19:55:40,598 [INFO] Finished in state Completed()
2025-08-24 19:55:40,638 [INFO] Stopping temporary server on http://127.0.0.1:8953
2025-08-24 20:00:34,255 [INFO] Starting temporary server on http://127.0.0.1:8417
See https://docs.prefect.io/v3/concepts/server#how-to-guides for more information on running a dedicated Prefect server.
2025-08-24 20:00:43,705 [INFO] Beginning flow run 'colossal-unicorn' for flow 'customer-churn-ingestion-flow'
2025-08-24 20:00:43,711 [INFO] Starting ingestion flow...
2025-08-24 20:00:44,607 [INFO] CSV ingestion successful. Data saved at data/raw/churn.csv
2025-08-24 20:00:44,621 [INFO] Finished in state Completed()
2025-08-24 20:00:44,818 [INFO] API ingestion successful. Data saved at data/raw/users.csv
2025-08-24 20:00:44,830 [INFO] Finished in state Completed()
2025-08-24 20:00:44,836 [INFO] Ingestion flow completed successfully.
2025-08-24 20:00:44,893 [INFO] Finished in state Completed()
2025-08-24 20:00:44,934 [INFO] Stopping temporary server on http://127.0.0.1:8417
2025-08-24 20:05:35,005 [INFO] Starting temporary server on http://127.0.0.1:8294
See https://docs.prefect.io/v3/concepts/server#how-to-guides for more information on running a dedicated Prefect server.
2025-08-24 20:05:46,378 [INFO] Beginning flow run 'aromatic-gopher' for flow 'customer-churn-ingestion-flow'
2025-08-24 20:05:46,393 [INFO] Starting ingestion flow...
2025-08-24 20:05:47,171 [INFO] CSV ingestion successful. Data saved at data/raw/churn.csv
2025-08-24 20:05:47,190 [INFO] Finished in state Completed()
2025-08-24 20:05:47,436 [INFO] API ingestion successful. Data saved at data/raw/users.csv
2025-08-24 20:05:47,464 [INFO] Finished in state Completed()
2025-08-24 20:05:47,474 [INFO] Ingestion flow completed successfully.
2025-08-24 20:05:47,616 [INFO] Finished in state Completed()
2025-08-24 20:05:47,801 [INFO] Stopping temporary server on http://127.0.0.1:8294
2025-08-24 20:10:23,232 [INFO] Starting temporary server on http://127.0.0.1:8712
See https://docs.prefect.io/v3/concepts/server#how-to-guides for more information on running a dedicated Prefect server.
2025-08-24 20:10:34,289 [INFO] Beginning flow run 'amigurumi-junglefowl' for flow 'customer-churn-ingestion-flow'
2025-08-24 20:10:34,299 [INFO] Starting ingestion flow...
2025-08-24 20:10:34,759 [INFO] CSV ingestion successful. Data saved at data/raw/churn.csv
2025-08-24 20:10:34,768 [INFO] Finished in state Completed()
2025-08-24 20:10:34,974 [INFO] API ingestion successful. Data saved at data/raw/users.csv
2025-08-24 20:10:34,989 [INFO] Finished in state Completed()
2025-08-24 20:10:34,993 [INFO] Ingestion flow completed successfully.
2025-08-24 20:10:35,053 [INFO] Finished in state Completed()
2025-08-24 20:10:35,116 [INFO] Stopping temporary server on http://127.0.0.1:8712
2025-08-24 20:15:28,237 [INFO] Starting temporary server on http://127.0.0.1:8432
See https://docs.prefect.io/v3/concepts/server#how-to-guides for more information on running a dedicated Prefect server.
2025-08-24 20:15:37,038 [INFO] Beginning flow run 'pearl-tanuki' for flow 'customer-churn-ingestion-flow'
2025-08-24 20:15:37,043 [INFO] Starting ingestion flow...
2025-08-24 20:15:37,703 [INFO] CSV ingestion successful. Data saved at data/raw/churn.csv
2025-08-24 20:15:37,714 [INFO] Finished in state Completed()
2025-08-24 20:15:37,889 [INFO] API ingestion successful. Data saved at data/raw/users.csv
2025-08-24 20:15:37,898 [INFO] Finished in state Completed()
2025-08-24 20:15:37,901 [INFO] Ingestion flow completed successfully.
2025-08-24 20:15:37,951 [INFO] Finished in state Completed()
2025-08-24 20:15:38,002 [INFO] Stopping temporary server on http://127.0.0.1:8432
2025-08-24 20:20:24,070 [INFO] Starting temporary server on http://127.0.0.1:8670
See https://docs.prefect.io/v3/concepts/server#how-to-guides for more information on running a dedicated Prefect server.
2025-08-24 20:20:32,974 [INFO] Beginning flow run 'paper-scallop' for flow 'customer-churn-ingestion-flow'
2025-08-24 20:20:32,982 [INFO] Starting ingestion flow...
2025-08-24 20:20:33,392 [INFO] CSV ingestion successful. Data saved at data/raw/churn.csv
2025-08-24 20:20:33,405 [INFO] Finished in state Completed()
2025-08-24 20:20:33,576 [INFO] API ingestion successful. Data saved at data/raw/users.csv
2025-08-24 20:20:33,589 [INFO] Finished in state Completed()
2025-08-24 20:20:33,594 [INFO] Ingestion flow completed successfully.
2025-08-24 20:20:33,658 [INFO] Finished in state Completed()
2025-08-24 20:20:33,719 [INFO] Stopping temporary server on http://127.0.0.1:8670
2025-08-24 20:25:25,327 [INFO] Starting temporary server on http://127.0.0.1:8647
See https://docs.prefect.io/v3/concepts/server#how-to-guides for more information on running a dedicated Prefect server.
2025-08-24 20:25:33,530 [INFO] Beginning flow run 'skinny-avocet' for flow 'customer-churn-ingestion-flow'
2025-08-24 20:25:33,539 [INFO] Starting ingestion flow...
2025-08-24 20:25:35,212 [INFO] CSV ingestion successful. Data saved at data/raw/churn.csv
2025-08-24 20:25:35,222 [INFO] Finished in state Completed()
2025-08-24 20:25:35,577 [INFO] API ingestion successful. Data saved at data/raw/users.csv
2025-08-24 20:25:35,596 [INFO] Finished in state Completed()
2025-08-24 20:25:35,602 [INFO] Ingestion flow completed successfully.
2025-08-24 20:25:35,684 [INFO] Finished in state Completed()
2025-08-24 20:25:35,710 [INFO] Stopping temporary server on http://127.0.0.1:8647
2025-08-24 20:30:22,883 [INFO] Starting temporary server on http://127.0.0.1:8730
See https://docs.prefect.io/v3/concepts/server#how-to-guides for more information on running a dedicated Prefect server.
2025-08-24 20:30:30,596 [INFO] Beginning flow run 'proficient-mouse' for flow 'customer-churn-ingestion-flow'
2025-08-24 20:30:30,599 [INFO] Starting ingestion flow...
2025-08-24 20:30:31,710 [INFO] CSV ingestion successful. Data saved at data/raw/churn.csv
2025-08-24 20:30:31,719 [INFO] Finished in state Completed()
2025-08-24 20:30:32,591 [INFO] API ingestion successful. Data saved at data/raw/users.csv
2025-08-24 20:30:32,603 [INFO] Finished in state Completed()
2025-08-24 20:30:32,606 [INFO] Ingestion flow completed successfully.
2025-08-24 20:30:32,701 [INFO] Finished in state Completed()
2025-08-24 20:30:32,744 [INFO] Stopping temporary server on http://127.0.0.1:8730
2025-08-24 20:32:49,996 [INFO] Starting temporary server on http://127.0.0.1:8083
See https://docs.prefect.io/v3/concepts/server#how-to-guides for more information on running a dedicated Prefect server.
2025-08-24 20:32:58,703 [INFO] Beginning flow run 'vivid-platypus' for flow 'customer-churn-ingestion-flow'
2025-08-24 20:32:58,712 [INFO] Starting ingestion flow...
2025-08-24 20:33:00,537 [INFO] CSV ingestion successful. Data saved at data/raw/churn.csv
2025-08-24 20:33:00,546 [INFO] Finished in state Completed()
2025-08-24 20:33:01,039 [INFO] API ingestion successful. Data saved at data/raw/users.csv
2025-08-24 20:33:01,048 [INFO] Finished in state Completed()
2025-08-24 20:33:01,052 [INFO] Ingestion flow completed successfully.
2025-08-24 20:33:01,105 [INFO] Finished in state Completed()
2025-08-24 20:33:01,124 [INFO] Stopping temporary server on http://127.0.0.1:8083
2025-08-24 20:40:23,476 [INFO] Starting temporary server on http://127.0.0.1:8601
See https://docs.prefect.io/v3/concepts/server#how-to-guides for more information on running a dedicated Prefect server.
2025-08-24 20:40:32,203 [INFO] Beginning flow run 'dancing-armadillo' for flow 'customer-churn-ingestion-flow'
2025-08-24 20:40:32,211 [INFO] Starting ingestion flow...
2025-08-24 20:40:33,134 [INFO] CSV ingestion successful. Data saved at data/raw/churn.csv
2025-08-24 20:40:33,142 [INFO] Finished in state Completed()
2025-08-24 20:40:33,414 [INFO] API ingestion successful. Data saved at data/raw/users.csv
2025-08-24 20:40:33,424 [INFO] Finished in state Completed()
2025-08-24 20:40:33,428 [INFO] Ingestion flow completed successfully.
2025-08-24 20:40:33,495 [INFO] Finished in state Completed()
2025-08-24 20:40:33,548 [INFO] Stopping temporary server on http://127.0.0.1:8601
2025-08-24 20:43:56,389 [INFO] Starting temporary server on http://127.0.0.1:8564
See https://docs.prefect.io/v3/concepts/server#how-to-guides for more information on running a dedicated Prefect server.
2025-08-24 20:44:04,125 [INFO] Beginning flow run 'pygmy-heron' for flow 'customer-churn-ingestion-flow'
2025-08-24 20:44:04,138 [INFO] Starting ingestion flow...
2025-08-24 20:44:04,696 [INFO] CSV ingestion successful. Data saved at data/raw/churn.csv
2025-08-24 20:44:04,700 [INFO] Finished in state Completed()
2025-08-24 20:44:04,877 [INFO] API ingestion successful. Data saved at data/raw/users.csv
2025-08-24 20:44:04,881 [INFO] Finished in state Completed()
2025-08-24 20:44:04,881 [INFO] Ingestion flow completed successfully.
2025-08-24 20:44:04,945 [INFO] Finished in state Completed()
2025-08-24 20:44:05,009 [INFO] Stopping temporary server on http://127.0.0.1:8564
2025-08-24 21:05:20,409 [INFO] Starting temporary server on http://127.0.0.1:8531
See https://docs.prefect.io/v3/concepts/server#how-to-guides for more information on running a dedicated Prefect server.
2025-08-24 21:05:29,220 [INFO] Beginning flow run 'auspicious-sloth' for flow 'customer-churn-ingestion-flow'
2025-08-24 21:05:29,225 [INFO] Starting ingestion flow...
2025-08-24 21:05:30,280 [INFO] CSV ingestion successful. Data saved at data/raw/churn.csv
2025-08-24 21:05:30,287 [INFO] Finished in state Completed()
2025-08-24 21:05:30,788 [INFO] API ingestion successful. Data saved at data/raw/users.csv
2025-08-24 21:05:30,797 [INFO] Finished in state Completed()
2025-08-24 21:05:30,800 [INFO] Ingestion flow completed successfully.
2025-08-24 21:05:30,901 [INFO] Finished in state Completed()
2025-08-24 21:05:30,957 [INFO] Stopping temporary server on http://127.0.0.1:8531
2025-08-24 21:10:17,643 [INFO] Starting temporary server on http://127.0.0.1:8432
See https://docs.prefect.io/v3/concepts/server#how-to-guides for more information on running a dedicated Prefect server.
2025-08-24 21:10:26,415 [INFO] Beginning flow run 'big-dingo' for flow 'customer-churn-ingestion-flow'
2025-08-24 21:10:26,421 [INFO] Starting ingestion flow...
2025-08-24 21:10:28,154 [INFO] CSV ingestion successful. Data saved at data/raw/churn.csv
2025-08-24 21:10:28,161 [INFO] Finished in state Completed()
2025-08-24 21:10:28,984 [INFO] API ingestion successful. Data saved at data/raw/users.csv
2025-08-24 21:10:28,996 [INFO] Finished in state Completed()
2025-08-24 21:10:29,000 [INFO] Ingestion flow completed successfully.
2025-08-24 21:10:29,050 [INFO] Finished in state Completed()
2025-08-24 21:10:29,076 [INFO] Stopping temporary server on http://127.0.0.1:8432
2025-08-24 21:15:20,089 [INFO] Starting temporary server on http://127.0.0.1:8957
See https://docs.prefect.io/v3/concepts/server#how-to-guides for more information on running a dedicated Prefect server.
2025-08-24 21:15:30,581 [INFO] Beginning flow run 'innocent-unicorn' for flow 'customer-churn-ingestion-flow'
2025-08-24 21:15:30,581 [INFO] Starting ingestion flow...
2025-08-24 21:15:34,098 [INFO] CSV ingestion successful. Data saved at data/raw/churn.csv
2025-08-24 21:15:34,106 [INFO] Finished in state Completed()
2025-08-24 21:15:34,269 [INFO] API ingestion successful. Data saved at data/raw/users.csv
2025-08-24 21:15:34,280 [INFO] Finished in state Completed()
2025-08-24 21:15:34,284 [INFO] Ingestion flow completed successfully.
2025-08-24 21:15:34,338 [INFO] Finished in state Completed()
2025-08-24 21:15:34,365 [INFO] Stopping temporary server on http://127.0.0.1:8957
2025-08-24 21:20:19,881 [INFO] Starting temporary server on http://127.0.0.1:8232
See https://docs.prefect.io/v3/concepts/server#how-to-guides for more information on running a dedicated Prefect server.
2025-08-24 21:20:28,113 [INFO] Beginning flow run 'smooth-malamute' for flow 'customer-churn-ingestion-flow'
2025-08-24 21:20:28,121 [INFO] Starting ingestion flow...
2025-08-24 21:20:28,693 [INFO] CSV ingestion successful. Data saved at data/raw/churn.csv
2025-08-24 21:20:28,700 [INFO] Finished in state Completed()
2025-08-24 21:20:28,997 [INFO] API ingestion successful. Data saved at data/raw/users.csv
2025-08-24 21:20:29,010 [INFO] Finished in state Completed()
2025-08-24 21:20:29,014 [INFO] Ingestion flow completed successfully.
2025-08-24 21:20:29,069 [INFO] Finished in state Completed()
2025-08-24 21:20:29,105 [INFO] Stopping temporary server on http://127.0.0.1:8232
2025-08-24 21:25:33,741 [INFO] Starting temporary server on http://127.0.0.1:8035
See https://docs.prefect.io/v3/concepts/server#how-to-guides for more information on running a dedicated Prefect server.
2025-08-24 21:25:44,919 [INFO] Beginning flow run 'silver-finch' for flow 'customer-churn-ingestion-flow'
2025-08-24 21:25:44,929 [INFO] Starting ingestion flow...
2025-08-24 21:25:45,342 [INFO] CSV ingestion successful. Data saved at data/raw/churn.csv
2025-08-24 21:25:45,350 [INFO] Finished in state Completed()
2025-08-24 21:25:45,545 [INFO] API ingestion successful. Data saved at data/raw/users.csv
2025-08-24 21:25:45,558 [INFO] Finished in state Completed()
2025-08-24 21:25:45,561 [INFO] Ingestion flow completed successfully.
2025-08-24 21:25:45,710 [INFO] Finished in state Completed()
2025-08-24 21:25:45,746 [INFO] Stopping temporary server on http://127.0.0.1:8035
2025-08-24 21:30:29,856 [INFO] Starting temporary server on http://127.0.0.1:8380
See https://docs.prefect.io/v3/concepts/server#how-to-guides for more information on running a dedicated Prefect server.
2025-08-24 21:30:41,998 [INFO] Beginning flow run 'swinging-pony' for flow 'customer-churn-ingestion-flow'
2025-08-24 21:30:42,012 [INFO] Starting ingestion flow...
2025-08-24 21:30:42,595 [INFO] CSV ingestion successful. Data saved at data/raw/churn.csv
2025-08-24 21:30:42,607 [INFO] Finished in state Completed()
2025-08-24 21:30:42,793 [INFO] API ingestion successful. Data saved at data/raw/users.csv
2025-08-24 21:30:42,806 [INFO] Finished in state Completed()
2025-08-24 21:30:42,812 [INFO] Ingestion flow completed successfully.
2025-08-24 21:30:42,864 [INFO] Finished in state Completed()
2025-08-24 21:30:42,925 [INFO] Stopping temporary server on http://127.0.0.1:8380
2025-08-24 21:35:30,599 [INFO] Starting temporary server on http://127.0.0.1:8372
See https://docs.prefect.io/v3/concepts/server#how-to-guides for more information on running a dedicated Prefect server.
2025-08-24 21:35:39,975 [INFO] Beginning flow run 'large-buffalo' for flow 'customer-churn-ingestion-flow'
2025-08-24 21:35:39,982 [INFO] Starting ingestion flow...
2025-08-24 21:35:40,612 [INFO] CSV ingestion successful. Data saved at data/raw/churn.csv
2025-08-24 21:35:40,624 [INFO] Finished in state Completed()
2025-08-24 21:35:40,778 [INFO] API ingestion successful. Data saved at data/raw/users.csv
2025-08-24 21:35:40,791 [INFO] Finished in state Completed()
2025-08-24 21:35:40,797 [INFO] Ingestion flow completed successfully.
2025-08-24 21:35:40,826 [INFO] Finished in state Completed()
2025-08-24 21:35:40,873 [INFO] Stopping temporary server on http://127.0.0.1:8372
2025-08-24 21:43:23,609 [INFO] Starting temporary server on http://127.0.0.1:8029
See https://docs.prefect.io/v3/concepts/server#how-to-guides for more information on running a dedicated Prefect server.
2025-08-24 21:43:33,966 [INFO] Beginning flow run 'divergent-horse' for flow 'customer-churn-ingestion-flow'
2025-08-24 21:43:33,973 [INFO] Starting ingestion flow...
2025-08-24 21:43:34,814 [INFO] CSV ingestion successful. Data saved at data/raw/churn.csv
2025-08-24 21:43:34,819 [INFO] Finished in state Completed()
2025-08-24 21:43:35,079 [INFO] API ingestion successful. Data saved at data/raw/users.csv
2025-08-24 21:43:35,087 [INFO] Finished in state Completed()
2025-08-24 21:43:35,089 [INFO] Ingestion flow completed successfully.
2025-08-24 21:43:35,128 [INFO] Finished in state Completed()
2025-08-24 21:43:35,166 [INFO] Stopping temporary server on http://127.0.0.1:8029
2025-08-24 21:56:22,102 [INFO] Starting temporary server on http://127.0.0.1:8354
See https://docs.prefect.io/v3/concepts/server#how-to-guides for more information on running a dedicated Prefect server.
2025-08-24 21:56:46,832 [INFO] Beginning flow run 'fierce-walrus' for flow 'customer-churn-ingestion-flow'
2025-08-24 21:56:46,847 [INFO] Starting ingestion flow...
2025-08-24 21:56:47,729 [INFO] CSV ingestion successful. Data saved at data/raw/churn.csv
2025-08-24 21:56:47,742 [INFO] Finished in state Completed()
2025-08-24 21:56:47,940 [INFO] API ingestion successful. Data saved at data/raw/users.csv
2025-08-24 21:56:47,956 [INFO] Finished in state Completed()
2025-08-24 21:56:47,961 [INFO] Ingestion flow completed successfully.
2025-08-24 21:56:48,033 [INFO] Finished in state Completed()
2025-08-24 21:56:48,092 [INFO] Stopping temporary server on http://127.0.0.1:8354
2025-08-24 22:00:17,773 [INFO] Starting temporary server on http://127.0.0.1:8840
See https://docs.prefect.io/v3/concepts/server#how-to-guides for more information on running a dedicated Prefect server.
2025-08-24 22:00:25,592 [INFO] Beginning flow run 'optimal-clam' for flow 'customer-churn-ingestion-flow'
2025-08-24 22:00:25,598 [INFO] Starting ingestion flow...
2025-08-24 22:00:26,669 [INFO] CSV ingestion successful. Data saved at data/raw/churn.csv
2025-08-24 22:00:26,677 [INFO] Finished in state Completed()
2025-08-24 22:00:26,971 [INFO] API ingestion successful. Data saved at data/raw/users.csv
2025-08-24 22:00:26,980 [INFO] Finished in state Completed()
2025-08-24 22:00:26,986 [INFO] Ingestion flow completed successfully.
2025-08-24 22:00:27,060 [INFO] Finished in state Completed()
2025-08-24 22:00:27,093 [INFO] Stopping temporary server on http://127.0.0.1:8840
2025-08-24 22:05:16,152 [INFO] Starting temporary server on http://127.0.0.1:8774
See https://docs.prefect.io/v3/concepts/server#how-to-guides for more information on running a dedicated Prefect server.
2025-08-24 22:05:26,032 [INFO] Beginning flow run 'khaki-urchin' for flow 'customer-churn-ingestion-flow'
2025-08-24 22:05:26,038 [INFO] Starting ingestion flow...
2025-08-24 22:05:27,400 [INFO] CSV ingestion successful. Data saved at data/raw/churn.csv
2025-08-24 22:05:27,406 [INFO] Finished in state Completed()
2025-08-24 22:05:27,556 [INFO] API ingestion successful. Data saved at data/raw/users.csv
2025-08-24 22:05:27,563 [INFO] Finished in state Completed()
2025-08-24 22:05:27,566 [INFO] Ingestion flow completed successfully.
2025-08-24 22:05:27,596 [INFO] Finished in state Completed()
2025-08-24 22:05:27,625 [INFO] Stopping temporary server on http://127.0.0.1:8774
2025-08-24 22:10:27,413 [INFO] Starting temporary server on http://127.0.0.1:8408
See https://docs.prefect.io/v3/concepts/server#how-to-guides for more information on running a dedicated Prefect server.
2025-08-24 22:10:33,971 [INFO] Beginning flow run 'amaranth-snail' for flow 'customer-churn-ingestion-flow'
2025-08-24 22:10:33,975 [INFO] Starting ingestion flow...
2025-08-24 22:10:34,556 [INFO] CSV ingestion successful. Data saved at data/raw/churn.csv
2025-08-24 22:10:34,563 [INFO] Finished in state Completed()
2025-08-24 22:10:34,731 [INFO] API ingestion successful. Data saved at data/raw/users.csv
2025-08-24 22:10:34,739 [INFO] Finished in state Completed()
2025-08-24 22:10:34,743 [INFO] Ingestion flow completed successfully.
2025-08-24 22:10:34,781 [INFO] Finished in state Completed()
2025-08-24 22:10:34,813 [INFO] Stopping temporary server on http://127.0.0.1:8408
2025-08-24 22:16:03,689 [INFO] Starting temporary server on http://127.0.0.1:8797
See https://docs.prefect.io/v3/concepts/server#how-to-guides for more information on running a dedicated Prefect server.
2025-08-24 22:16:19,014 [INFO] Beginning flow run 'arrogant-reindeer' for flow 'customer-churn-ingestion-flow'
2025-08-24 22:16:19,025 [INFO] Starting ingestion flow...
2025-08-24 22:16:19,776 [INFO] CSV ingestion successful. Data saved at data/raw/churn.csv
2025-08-24 22:16:19,788 [INFO] Finished in state Completed()
2025-08-24 22:16:20,082 [INFO] API ingestion successful. Data saved at data/raw/users.csv
2025-08-24 22:16:20,096 [INFO] Finished in state Completed()
2025-08-24 22:16:20,103 [INFO] Ingestion flow completed successfully.
2025-08-24 22:16:20,246 [INFO] Finished in state Completed()
2025-08-24 22:16:20,312 [INFO] Stopping temporary server on http://127.0.0.1:8797
2025-08-24 22:20:25,513 [INFO] Starting temporary server on http://127.0.0.1:8254
See https://docs.prefect.io/v3/concepts/server#how-to-guides for more information on running a dedicated Prefect server.
2025-08-24 22:20:32,749 [INFO] Beginning flow run 'tremendous-loon' for flow 'customer-churn-ingestion-flow'
2025-08-24 22:20:32,755 [INFO] Starting ingestion flow...
2025-08-24 22:20:33,925 [INFO] CSV ingestion successful. Data saved at data/raw/churn.csv
2025-08-24 22:20:33,930 [INFO] Finished in state Completed()
2025-08-24 22:20:34,426 [INFO] API ingestion successful. Data saved at data/raw/users.csv
2025-08-24 22:20:34,443 [INFO] Finished in state Completed()
2025-08-24 22:20:34,447 [INFO] Ingestion flow completed successfully.
2025-08-24 22:20:34,547 [INFO] Finished in state Completed()
2025-08-24 22:20:34,587 [INFO] Stopping temporary server on http://127.0.0.1:8254
2025-08-24 22:25:15,817 [INFO] Starting temporary server on http://127.0.0.1:8135
See https://docs.prefect.io/v3/concepts/server#how-to-guides for more information on running a dedicated Prefect server.
2025-08-24 22:25:22,479 [INFO] Beginning flow run 'poised-jackdaw' for flow 'customer-churn-ingestion-flow'
2025-08-24 22:25:22,484 [INFO] Starting ingestion flow...
2025-08-24 22:25:24,522 [INFO] CSV ingestion successful. Data saved at data/raw/churn.csv
2025-08-24 22:25:24,529 [INFO] Finished in state Completed()
2025-08-24 22:25:24,804 [INFO] API ingestion successful. Data saved at data/raw/users.csv
2025-08-24 22:25:24,811 [INFO] Finished in state Completed()
2025-08-24 22:25:24,815 [INFO] Ingestion flow completed successfully.
2025-08-24 22:25:24,853 [INFO] Finished in state Completed()
2025-08-24 22:25:24,874 [INFO] Stopping temporary server on http://127.0.0.1:8135
2025-08-24 22:30:54,626 [INFO] Starting temporary server on http://127.0.0.1:8408
See https://docs.prefect.io/v3/concepts/server#how-to-guides for more information on running a dedicated Prefect server.
2025-08-24 22:31:07,179 [INFO] Beginning flow run 'analytic-kingfisher' for flow 'customer-churn-ingestion-flow'
2025-08-24 22:31:07,191 [INFO] Starting ingestion flow...
2025-08-24 22:31:08,262 [INFO] CSV ingestion successful. Data saved at data/raw/churn.csv
2025-08-24 22:31:08,271 [INFO] Finished in state Completed()
2025-08-24 22:31:08,483 [INFO] API ingestion successful. Data saved at data/raw/users.csv
2025-08-24 22:31:08,490 [INFO] Finished in state Completed()
2025-08-24 22:31:08,494 [INFO] Ingestion flow completed successfully.
2025-08-24 22:31:08,551 [INFO] Finished in state Completed()
2025-08-24 22:31:08,613 [INFO] Stopping temporary server on http://127.0.0.1:8408
2025-08-24 22:35:39,798 [INFO] Starting temporary server on http://127.0.0.1:8851
See https://docs.prefect.io/v3/concepts/server#how-to-guides for more information on running a dedicated Prefect server.
2025-08-24 22:35:50,738 [INFO] Beginning flow run 'olive-dormouse' for flow 'customer-churn-ingestion-flow'
2025-08-24 22:35:50,743 [INFO] Starting ingestion flow...
2025-08-24 22:35:51,595 [INFO] CSV ingestion successful. Data saved at data/raw/churn.csv
2025-08-24 22:35:51,603 [INFO] Finished in state Completed()
2025-08-24 22:35:51,822 [INFO] API ingestion successful. Data saved at data/raw/users.csv
2025-08-24 22:35:51,830 [INFO] Finished in state Completed()
2025-08-24 22:35:51,834 [INFO] Ingestion flow completed successfully.
2025-08-24 22:35:51,887 [INFO] Finished in state Completed()
2025-08-24 22:35:51,981 [INFO] Stopping temporary server on http://127.0.0.1:8851
