2025-08-23 15:09:31,485 [INFO] Starting raw data storage process...
2025-08-23 15:09:31,522 [INFO] Stored churn.csv in data/lake\csv_source\20250823_150931\churn.csv
2025-08-23 15:09:31,566 [INFO] Stored users.csv in data/lake\api_source\20250823_150931\users.csv
2025-08-23 15:09:31,566 [INFO] Raw data storage process completed.
2025-08-23 21:59:55,096 [INFO] Starting raw data storage process...
2025-08-23 21:59:55,140 [INFO] Stored churn.csv in data/lake\csv_source\20250823_215955\churn.csv
2025-08-23 21:59:55,163 [INFO] Stored users.csv in data/lake\api_source\20250823_215955\users.csv
2025-08-23 21:59:55,163 [INFO] Raw data storage process completed.
2025-08-23 22:02:17,708 [INFO] Starting raw data storage process...
2025-08-23 22:02:17,789 [INFO] Stored churn.csv in data/lake\csv_source\20250823_220217\churn.csv
2025-08-23 22:02:17,801 [INFO] Stored users.csv in data/lake\api_source\20250823_220217\users.csv
2025-08-23 22:02:17,801 [INFO] Raw data storage process completed.
2025-08-23 22:39:33,821 [INFO] Starting raw data storage process...
2025-08-23 22:39:33,862 [INFO] Stored churn.csv in data/lake\csv_source\20250823_223933\churn.csv
2025-08-23 22:39:33,869 [INFO] Stored users.csv in data/lake\api_source\20250823_223933\users.csv
2025-08-23 22:39:33,869 [INFO] Raw data storage process completed.
2025-08-24 08:32:29,255 [INFO] Starting raw data storage process...
2025-08-24 08:32:29,278 [INFO] Stored churn.csv in data/lake\csv_source\20250824_083229\churn.csv
2025-08-24 08:32:29,301 [INFO] Stored users.csv in data/lake\api_source\20250824_083229\users.csv
2025-08-24 08:32:29,301 [INFO] Raw data storage process completed.
2025-08-24 08:41:10,534 [INFO] Starting raw data storage process...
2025-08-24 08:41:10,565 [INFO] Stored churn.csv in data/lake\csv_source\20250824_084110\churn.csv
2025-08-24 08:41:10,571 [INFO] Stored users.csv in data/lake\api_source\20250824_084110\users.csv
2025-08-24 08:41:10,571 [INFO] Raw data storage process completed.
2025-08-24 10:38:07,294 [INFO] Starting raw data storage process...
2025-08-24 10:38:07,562 [INFO] Stored churn.csv in data/lake\csv_source\20250824_103807\churn.csv
2025-08-24 10:38:07,604 [INFO] Stored users.csv in data/lake\api_source\20250824_103807\users.csv
2025-08-24 10:38:07,605 [INFO] Raw data storage process completed.
2025-08-24 11:05:38,423 [INFO] Starting raw data storage process...
2025-08-24 11:05:38,443 [INFO] Stored churn.csv in data/lake\csv_source\20250824_110538\churn.csv
2025-08-24 11:05:38,447 [INFO] Stored users.csv in data/lake\api_source\20250824_110538\users.csv
2025-08-24 11:05:38,449 [INFO] Raw data storage process completed.
2025-08-24 11:09:42,148 [INFO] Starting raw data storage process...
2025-08-24 11:09:42,185 [INFO] Stored churn.csv in data/lake\csv_source\20250824_110942\churn.csv
2025-08-24 11:09:42,193 [INFO] Stored users.csv in data/lake\api_source\20250824_110942\users.csv
2025-08-24 11:09:42,193 [INFO] Raw data storage process completed.
2025-08-24 12:25:28,280 [INFO] Starting raw data storage process...
2025-08-24 12:25:28,317 [INFO] Stored churn.csv in data/lake\csv_source\20250824_122528\churn.csv
2025-08-24 12:25:28,358 [INFO] Stored users.csv in data/lake\api_source\20250824_122528\users.csv
2025-08-24 12:25:28,358 [INFO] Raw data storage process completed.
2025-08-24 12:37:38,492 [INFO] Starting raw data storage process...
2025-08-24 12:37:38,541 [INFO] Stored churn.csv in data/lake\csv_source\20250824_123738\churn.csv
2025-08-24 12:37:38,554 [INFO] Stored users.csv in data/lake\api_source\20250824_123738\users.csv
2025-08-24 12:37:38,555 [INFO] Raw data storage process completed.
2025-08-24 14:25:57,049 [INFO] Starting raw data storage process...
2025-08-24 14:25:57,077 [INFO] Stored churn.csv in data/lake\csv_source\20250824_142557\churn.csv
2025-08-24 14:25:57,086 [INFO] Stored users.csv in data/lake\api_source\20250824_142557\users.csv
2025-08-24 14:25:57,086 [INFO] Raw data storage process completed.
2025-08-24 14:32:55,341 [INFO] Starting raw data storage process...
2025-08-24 14:32:55,380 [INFO] Stored churn.csv in data/lake\csv_source\20250824_143255\churn.csv
2025-08-24 14:32:55,428 [INFO] Stored users.csv in data/lake\api_source\20250824_143255\users.csv
2025-08-24 14:32:55,428 [INFO] Raw data storage process completed.
2025-08-24 14:36:18,496 [INFO] Starting raw data storage process...
2025-08-24 14:36:18,528 [INFO] Stored churn.csv in data/lake\csv_source\20250824_143618\churn.csv
2025-08-24 14:36:18,536 [INFO] Stored users.csv in data/lake\api_source\20250824_143618\users.csv
2025-08-24 14:36:18,536 [INFO] Raw data storage process completed.
2025-08-24 14:43:54,557 [INFO] Starting raw data storage process...
2025-08-24 14:43:54,598 [INFO] Stored churn.csv in data/lake\csv_source\20250824_144354\churn.csv
2025-08-24 14:43:54,605 [INFO] Stored users.csv in data/lake\api_source\20250824_144354\users.csv
2025-08-24 14:43:54,606 [INFO] Raw data storage process completed.
2025-08-24 18:39:50,527 [INFO] Starting raw data storage process...
2025-08-24 18:39:50,556 [INFO] Stored churn.csv in data/lake\csv_source\20250824_183950\churn.csv
2025-08-24 18:39:50,584 [INFO] Stored users.csv in data/lake\api_source\20250824_183950\users.csv
2025-08-24 18:39:50,585 [INFO] Raw data storage process completed.
2025-08-24 19:31:25,886 [INFO] Starting raw data storage process...
2025-08-24 19:31:25,887 [INFO] Starting raw data storage process...
2025-08-24 19:31:25,913 [INFO] Stored churn.csv in data/lake\csv_source\20250824_193125\churn.csv
2025-08-24 19:31:36,182 [INFO] Starting raw data storage process...
2025-08-24 19:31:36,188 [INFO] Starting raw data storage process...
2025-08-24 19:31:36,189 [INFO] Stored churn.csv in data/lake\csv_source\20250824_193136\churn.csv
2025-08-24 19:31:36,194 [INFO] Stored churn.csv in data/lake\csv_source\20250824_193136\churn.csv
2025-08-24 19:31:46,398 [INFO] Starting raw data storage process...
2025-08-24 19:31:46,405 [INFO] Stored churn.csv in data/lake\csv_source\20250824_193146\churn.csv
2025-08-24 19:31:46,414 [INFO] Starting raw data storage process...
2025-08-24 19:31:46,421 [INFO] Stored churn.csv in data/lake\csv_source\20250824_193146\churn.csv
2025-08-24 19:40:28,637 [INFO] Starting raw data storage process...
2025-08-24 19:40:28,659 [INFO] Stored churn.csv in data/lake\csv_source\20250824_194028\churn.csv
2025-08-24 19:40:38,853 [INFO] Starting raw data storage process...
2025-08-24 19:40:38,859 [INFO] Stored churn.csv in data/lake\csv_source\20250824_194038\churn.csv
2025-08-24 19:40:49,047 [INFO] Starting raw data storage process...
2025-08-24 19:40:49,053 [INFO] Stored churn.csv in data/lake\csv_source\20250824_194049\churn.csv
2025-08-24 19:50:34,572 [INFO] Starting raw data storage process...
2025-08-24 19:50:34,610 [INFO] [Storage] churn.csv \u2192 C:\Users\mahal\OneDrive\Desktop\BITS_Mtech\SEMESTER_2\Subjects\DMML\Assignment\New folder\data\lake\csv_source\20250824_195034\churn.csv
2025-08-24 19:50:45,061 [INFO] Starting raw data storage process...
2025-08-24 19:50:45,376 [INFO] [Storage] churn.csv \u2192 C:\Users\mahal\OneDrive\Desktop\BITS_Mtech\SEMESTER_2\Subjects\DMML\Assignment\New folder\data\lake\csv_source\20250824_195045\churn.csv
2025-08-24 19:50:55,643 [INFO] Starting raw data storage process...
2025-08-24 19:50:55,653 [INFO] [Storage] churn.csv \u2192 C:\Users\mahal\OneDrive\Desktop\BITS_Mtech\SEMESTER_2\Subjects\DMML\Assignment\New folder\data\lake\csv_source\20250824_195055\churn.csv
2025-08-24 19:55:42,048 [INFO] Starting raw data storage process...
2025-08-24 19:55:42,136 [INFO] [Storage] churn.csv \u2192 C:\Users\mahal\OneDrive\Desktop\BITS_Mtech\SEMESTER_2\Subjects\DMML\Assignment\New folder\data\lake\csv_source\20250824_195542\churn.csv
2025-08-24 19:55:52,449 [INFO] Starting raw data storage process...
2025-08-24 19:55:52,459 [INFO] [Storage] churn.csv \u2192 C:\Users\mahal\OneDrive\Desktop\BITS_Mtech\SEMESTER_2\Subjects\DMML\Assignment\New folder\data\lake\csv_source\20250824_195552\churn.csv
2025-08-24 19:56:02,687 [INFO] Starting raw data storage process...
2025-08-24 19:56:02,694 [INFO] [Storage] churn.csv \u2192 C:\Users\mahal\OneDrive\Desktop\BITS_Mtech\SEMESTER_2\Subjects\DMML\Assignment\New folder\data\lake\csv_source\20250824_195602\churn.csv
2025-08-24 20:00:47,260 [INFO] Starting raw data storage process...
2025-08-24 20:00:47,518 [INFO] [Storage] churn.csv \u2192 C:\Users\mahal\OneDrive\Desktop\BITS_Mtech\SEMESTER_2\Subjects\DMML\Assignment\New folder\data\lake\csv_source\20250824_200047\churn.csv
2025-08-24 20:00:58,458 [INFO] Starting raw data storage process...
2025-08-24 20:00:58,475 [INFO] [Storage] churn.csv \u2192 C:\Users\mahal\OneDrive\Desktop\BITS_Mtech\SEMESTER_2\Subjects\DMML\Assignment\New folder\data\lake\csv_source\20250824_200058\churn.csv
2025-08-24 20:01:08,912 [INFO] Starting raw data storage process...
2025-08-24 20:01:08,921 [INFO] [Storage] churn.csv \u2192 C:\Users\mahal\OneDrive\Desktop\BITS_Mtech\SEMESTER_2\Subjects\DMML\Assignment\New folder\data\lake\csv_source\20250824_200108\churn.csv
2025-08-24 20:05:50,350 [INFO] Starting raw data storage process...
2025-08-24 20:05:50,423 [INFO] [Storage] churn.csv \u2192 C:\Users\mahal\OneDrive\Desktop\BITS_Mtech\SEMESTER_2\Subjects\DMML\Assignment\New folder\data\lake\csv_source\20250824_200550\churn.csv
2025-08-24 20:06:00,916 [INFO] Starting raw data storage process...
2025-08-24 20:06:00,930 [INFO] [Storage] churn.csv \u2192 C:\Users\mahal\OneDrive\Desktop\BITS_Mtech\SEMESTER_2\Subjects\DMML\Assignment\New folder\data\lake\csv_source\20250824_200600\churn.csv
2025-08-24 20:06:11,308 [INFO] Starting raw data storage process...
2025-08-24 20:06:11,320 [INFO] [Storage] churn.csv \u2192 C:\Users\mahal\OneDrive\Desktop\BITS_Mtech\SEMESTER_2\Subjects\DMML\Assignment\New folder\data\lake\csv_source\20250824_200611\churn.csv
2025-08-24 20:10:37,028 [INFO] Starting raw data storage process...
2025-08-24 20:10:37,076 [INFO] [Storage] churn.csv \u2192 C:\Users\mahal\OneDrive\Desktop\BITS_Mtech\SEMESTER_2\Subjects\DMML\Assignment\New folder\data\lake\csv_source\20250824_201037\churn.csv
2025-08-24 20:10:47,402 [INFO] Starting raw data storage process...
2025-08-24 20:10:47,420 [INFO] [Storage] churn.csv \u2192 C:\Users\mahal\OneDrive\Desktop\BITS_Mtech\SEMESTER_2\Subjects\DMML\Assignment\New folder\data\lake\csv_source\20250824_201047\churn.csv
2025-08-24 20:10:57,696 [INFO] Starting raw data storage process...
2025-08-24 20:10:57,704 [INFO] [Storage] churn.csv \u2192 C:\Users\mahal\OneDrive\Desktop\BITS_Mtech\SEMESTER_2\Subjects\DMML\Assignment\New folder\data\lake\csv_source\20250824_201057\churn.csv
2025-08-24 20:15:39,591 [INFO] Starting raw data storage process...
2025-08-24 20:15:39,637 [INFO] [Storage] churn.csv \u2192 C:\Users\mahal\OneDrive\Desktop\BITS_Mtech\SEMESTER_2\Subjects\DMML\Assignment\New folder\data\lake\csv_source\20250824_201539\churn.csv
2025-08-24 20:15:49,878 [INFO] Starting raw data storage process...
2025-08-24 20:15:49,885 [INFO] [Storage] churn.csv \u2192 C:\Users\mahal\OneDrive\Desktop\BITS_Mtech\SEMESTER_2\Subjects\DMML\Assignment\New folder\data\lake\csv_source\20250824_201549\churn.csv
2025-08-24 20:16:00,161 [INFO] Starting raw data storage process...
2025-08-24 20:16:00,170 [INFO] [Storage] churn.csv \u2192 C:\Users\mahal\OneDrive\Desktop\BITS_Mtech\SEMESTER_2\Subjects\DMML\Assignment\New folder\data\lake\csv_source\20250824_201600\churn.csv
2025-08-24 20:20:35,439 [INFO] Starting raw data storage process...
2025-08-24 20:20:35,473 [INFO] [Storage] churn.csv \u2192 C:\Users\mahal\OneDrive\Desktop\BITS_Mtech\SEMESTER_2\Subjects\DMML\Assignment\New folder\data\lake\csv_source\20250824_202035\churn.csv
2025-08-24 20:20:45,724 [INFO] Starting raw data storage process...
2025-08-24 20:20:45,730 [INFO] [Storage] churn.csv \u2192 C:\Users\mahal\OneDrive\Desktop\BITS_Mtech\SEMESTER_2\Subjects\DMML\Assignment\New folder\data\lake\csv_source\20250824_202045\churn.csv
2025-08-24 20:20:55,986 [INFO] Starting raw data storage process...
2025-08-24 20:20:55,994 [INFO] [Storage] churn.csv \u2192 C:\Users\mahal\OneDrive\Desktop\BITS_Mtech\SEMESTER_2\Subjects\DMML\Assignment\New folder\data\lake\csv_source\20250824_202055\churn.csv
2025-08-24 20:25:37,019 [INFO] Starting raw data storage process...
2025-08-24 20:25:37,047 [INFO] [Storage] churn.csv \u2192 C:\Users\mahal\OneDrive\Desktop\BITS_Mtech\SEMESTER_2\Subjects\DMML\Assignment\New folder\data\lake\csv_source\20250824_202537\churn.csv
2025-08-24 20:25:47,314 [INFO] Starting raw data storage process...
2025-08-24 20:25:47,321 [INFO] [Storage] churn.csv \u2192 C:\Users\mahal\OneDrive\Desktop\BITS_Mtech\SEMESTER_2\Subjects\DMML\Assignment\New folder\data\lake\csv_source\20250824_202547\churn.csv
2025-08-24 20:25:57,551 [INFO] Starting raw data storage process...
2025-08-24 20:25:57,558 [INFO] [Storage] churn.csv \u2192 C:\Users\mahal\OneDrive\Desktop\BITS_Mtech\SEMESTER_2\Subjects\DMML\Assignment\New folder\data\lake\csv_source\20250824_202557\churn.csv
2025-08-24 20:30:33,948 [INFO] Starting raw data storage process...
2025-08-24 20:30:34,000 [INFO] [Storage] churn.csv \u2192 C:\Users\mahal\OneDrive\Desktop\BITS_Mtech\SEMESTER_2\Subjects\DMML\Assignment\New folder\data\lake\csv_source\20250824_203033\churn.csv
2025-08-24 20:30:44,228 [INFO] Starting raw data storage process...
2025-08-24 20:30:44,236 [INFO] [Storage] churn.csv \u2192 C:\Users\mahal\OneDrive\Desktop\BITS_Mtech\SEMESTER_2\Subjects\DMML\Assignment\New folder\data\lake\csv_source\20250824_203044\churn.csv
2025-08-24 20:30:54,461 [INFO] Starting raw data storage process...
2025-08-24 20:30:54,468 [INFO] [Storage] churn.csv \u2192 C:\Users\mahal\OneDrive\Desktop\BITS_Mtech\SEMESTER_2\Subjects\DMML\Assignment\New folder\data\lake\csv_source\20250824_203054\churn.csv
2025-08-24 20:33:02,246 [INFO] Starting raw data storage process...
2025-08-24 20:33:02,277 [INFO] [Storage] churn.csv \u2192 C:\Users\mahal\OneDrive\Desktop\BITS_Mtech\SEMESTER_2\Subjects\DMML\Assignment\New folder\data\lake\csv_source\20250824_203302\churn.csv
2025-08-24 20:33:02,283 [INFO] [Storage] users.csv \u2192 C:\Users\mahal\OneDrive\Desktop\BITS_Mtech\SEMESTER_2\Subjects\DMML\Assignment\New folder\data\lake\api_source\20250824_203302\users.csv
2025-08-24 20:33:02,285 [INFO] Raw data storage process completed successfully.
2025-08-24 20:40:34,972 [INFO] Starting raw data storage process...
2025-08-24 20:40:35,037 [INFO] [Storage] churn.csv \u2192 C:\Users\mahal\OneDrive\Desktop\BITS_Mtech\SEMESTER_2\Subjects\DMML\Assignment\New folder\data\lake\csv_source\20250824_204034\churn.csv
2025-08-24 20:40:35,062 [INFO] [Storage] users.csv \u2192 C:\Users\mahal\OneDrive\Desktop\BITS_Mtech\SEMESTER_2\Subjects\DMML\Assignment\New folder\data\lake\api_source\20250824_204035\users.csv
2025-08-24 20:40:35,067 [INFO] Raw data storage process completed successfully.
2025-08-24 20:44:06,193 [INFO] Starting raw data storage process...
2025-08-24 20:44:06,223 [INFO] [Storage] churn.csv \u2192 C:\Users\mahal\OneDrive\Desktop\BITS_Mtech\SEMESTER_2\Subjects\DMML\Assignment\New folder\data\lake\csv_source\20250824_204406\churn.csv
2025-08-24 20:44:06,233 [INFO] [Storage] users.csv \u2192 C:\Users\mahal\OneDrive\Desktop\BITS_Mtech\SEMESTER_2\Subjects\DMML\Assignment\New folder\data\lake\api_source\20250824_204406\users.csv
2025-08-24 20:44:06,233 [INFO] Raw data storage process completed successfully.
2025-08-24 20:56:30,278 [INFO] Starting local storage process...
2025-08-24 20:56:30,287 [INFO] [Storage] churn.csv \u2192 C:\Users\mahal\OneDrive\Desktop\BITS_Mtech\SEMESTER_2\Subjects\DMML\Assignment\New folder\data\lake\csv_source\20250824_205630\churn.csv
2025-08-24 20:56:30,301 [INFO] [Storage] users.csv \u2192 C:\Users\mahal\OneDrive\Desktop\BITS_Mtech\SEMESTER_2\Subjects\DMML\Assignment\New folder\data\lake\api_source\20250824_205630\users.csv
2025-08-24 20:56:30,301 [INFO] Local storage process completed successfully.
2025-08-24 21:05:32,233 [INFO] Starting local storage process...
2025-08-24 21:05:32,275 [INFO] [Storage] churn.csv \u2192 C:\Users\mahal\OneDrive\Desktop\BITS_Mtech\SEMESTER_2\Subjects\DMML\Assignment\New folder\data\lake\csv_source\20250824_210532\churn.csv
2025-08-24 21:05:42,529 [INFO] Starting local storage process...
2025-08-24 21:05:42,535 [INFO] [Storage] churn.csv \u2192 C:\Users\mahal\OneDrive\Desktop\BITS_Mtech\SEMESTER_2\Subjects\DMML\Assignment\New folder\data\lake\csv_source\20250824_210542\churn.csv
2025-08-24 21:05:52,749 [INFO] Starting local storage process...
2025-08-24 21:05:52,749 [INFO] [Storage] churn.csv \u2192 C:\Users\mahal\OneDrive\Desktop\BITS_Mtech\SEMESTER_2\Subjects\DMML\Assignment\New folder\data\lake\csv_source\20250824_210552\churn.csv
