2025-08-23 15:45:34,030 [WARNING] No processed files found for source 'csv_source' in data/processed
2025-08-23 15:45:34,032 [WARNING] No processed files found for source 'api_source' in data/processed
2025-08-23 15:48:21,655 [WARNING] No processed files found for source 'csv_source' in data/processed
2025-08-23 15:48:21,656 [WARNING] No processed files found for source 'api_source' in data/processed
2025-08-23 15:55:09,166 [INFO] Transforming dataset: data/processed\churn_prepared.csv
2025-08-23 15:55:09,353 [INFO] Transformed CSV saved at data/processed\churn_prepared_transformed.csv
2025-08-23 15:55:09,488 [INFO] Dataset stored in SQLite DB: data/db\churn_data.db | Table: churn_prepared_table
2025-08-23 15:55:09,525 [INFO] Transforming dataset: data/processed\users_prepared.csv
2025-08-23 15:55:09,535 [INFO] Transformed CSV saved at data/processed\users_prepared_transformed.csv
2025-08-23 15:55:09,568 [INFO] Dataset stored in SQLite DB: data/db\churn_data.db | Table: users_prepared_table
2025-08-23 16:04:25,439 [INFO] Transforming dataset: data/processed\churn_prepared_transformed.csv
2025-08-23 16:04:25,620 [INFO] Transformed CSV saved at data/processed\churn_prepared_transformed_transformed.csv
2025-08-23 16:04:25,762 [INFO] Dataset stored in SQLite DB: data/db\churn_data.db | Table: churn_prepared_transformed_table
2025-08-23 16:04:25,807 [INFO] Transforming dataset: data/processed\users_prepared_transformed.csv
2025-08-23 16:04:25,817 [INFO] Transformed CSV saved at data/processed\users_prepared_transformed_transformed.csv
2025-08-23 16:04:25,850 [INFO] Dataset stored in SQLite DB: data/db\churn_data.db | Table: users_prepared_transformed_table
2025-08-23 16:17:36,155 [INFO] Transforming dataset: data/processed\churn_prepared_transformed_transformed.csv
2025-08-23 16:17:36,348 [INFO] Transformed CSV saved at data/processed\churn_prepared_transformed_transformed.csv
2025-08-23 16:17:36,460 [INFO] Dataset stored in SQLite DB: data/db\churn_data.db | Table: churn_prepared_transformed_transformed_table
2025-08-23 16:17:36,501 [INFO] Transforming dataset: data/processed\users_prepared_transformed_transformed.csv
2025-08-23 16:17:36,521 [INFO] Transformed CSV saved at data/processed\users_prepared_transformed_transformed.csv
2025-08-23 16:17:36,548 [INFO] Dataset stored in SQLite DB: data/db\churn_data.db | Table: users_prepared_transformed_transformed_table
2025-08-23 16:18:44,577 [INFO] Transforming dataset: data/processed\churn_prepared.csv
2025-08-23 16:18:44,780 [INFO] Transformed CSV saved at data/processed\churn_prepared_transformed.csv
2025-08-23 16:18:44,962 [INFO] Dataset stored in SQLite DB: data/db\churn_data.db | Table: churn_prepared_transformed_table
2025-08-23 16:18:44,973 [INFO] Transforming dataset: data/processed\users_prepared.csv
2025-08-23 16:18:44,987 [INFO] Transformed CSV saved at data/processed\users_prepared_transformed.csv
2025-08-23 16:18:45,026 [INFO] Dataset stored in SQLite DB: data/db\churn_data.db | Table: users_prepared_transformed_table
2025-08-23 22:02:45,270 [INFO] Transforming dataset: data/processed\churn_prepared_transformed.csv
2025-08-23 22:02:45,518 [INFO] Transformed CSV saved at data/processed\churn_prepared_transformed.csv
2025-08-23 22:02:45,753 [INFO] Dataset stored in SQLite DB: data/db\churn_data.db | Table: churn_prepared_transformed_table
2025-08-23 22:02:45,785 [INFO] Transforming dataset: data/processed\users_prepared_transformed.csv
2025-08-23 22:02:45,795 [INFO] Transformed CSV saved at data/processed\users_prepared_transformed.csv
2025-08-23 22:02:45,830 [INFO] Dataset stored in SQLite DB: data/db\churn_data.db | Table: users_prepared_transformed_table
2025-08-23 22:39:50,751 [INFO] Transforming dataset: data/processed\churn_prepared_transformed.csv
2025-08-23 22:39:50,881 [INFO] Transformed CSV saved at data/processed\churn_prepared_transformed.csv
2025-08-23 22:39:51,057 [INFO] Dataset stored in SQLite DB: data/db\churn_data.db | Table: churn_prepared_transformed_table
2025-08-23 22:39:51,109 [INFO] Transforming dataset: data/processed\users_prepared_transformed.csv
2025-08-23 22:39:51,113 [INFO] Transformed CSV saved at data/processed\users_prepared_transformed.csv
2025-08-23 22:39:51,149 [INFO] Dataset stored in SQLite DB: data/db\churn_data.db | Table: users_prepared_transformed_table
2025-08-24 08:33:01,721 [INFO] Transforming dataset: data/processed\churn_prepared_transformed.csv
2025-08-24 08:33:01,902 [INFO] Transformed CSV saved at data/processed\churn_prepared_transformed.csv
2025-08-24 08:33:02,135 [INFO] Dataset stored in SQLite DB: data/db\churn_data.db | Table: churn_prepared_transformed_table
2025-08-24 08:33:02,166 [INFO] Transforming dataset: data/processed\users_prepared_transformed.csv
2025-08-24 08:33:02,180 [INFO] Transformed CSV saved at data/processed\users_prepared_transformed.csv
2025-08-24 08:33:02,235 [INFO] Dataset stored in SQLite DB: data/db\churn_data.db | Table: users_prepared_transformed_table
2025-08-24 08:41:24,746 [INFO] Transforming dataset: data/processed\churn_prepared_transformed.csv
2025-08-24 08:41:24,870 [INFO] Transformed CSV saved at data/processed\churn_prepared_transformed.csv
2025-08-24 08:41:25,017 [INFO] Dataset stored in SQLite DB: data/db\churn_data.db | Table: churn_prepared_transformed_table
2025-08-24 08:41:25,047 [INFO] Transforming dataset: data/processed\users_prepared_transformed.csv
2025-08-24 08:41:25,053 [INFO] Transformed CSV saved at data/processed\users_prepared_transformed.csv
2025-08-24 08:41:25,085 [INFO] Dataset stored in SQLite DB: data/db\churn_data.db | Table: users_prepared_transformed_table
2025-08-24 10:38:36,041 [INFO] Transforming dataset: data/processed\churn_prepared_transformed.csv
2025-08-24 10:38:36,201 [INFO] Transformed CSV saved at data/processed\churn_prepared_transformed.csv
2025-08-24 10:38:36,437 [INFO] Dataset stored in SQLite DB: data/db\churn_data.db | Table: churn_prepared_transformed_table
2025-08-24 10:38:36,462 [INFO] Transforming dataset: data/processed\users_prepared_transformed.csv
2025-08-24 10:38:36,469 [INFO] Transformed CSV saved at data/processed\users_prepared_transformed.csv
2025-08-24 10:38:36,570 [INFO] Dataset stored in SQLite DB: data/db\churn_data.db | Table: users_prepared_transformed_table
2025-08-24 11:05:53,676 [INFO] Transforming dataset: data/processed\churn_prepared_transformed.csv
2025-08-24 11:05:53,867 [INFO] Transformed CSV saved at data/processed\churn_prepared_transformed.csv
2025-08-24 11:05:54,048 [INFO] Dataset stored in SQLite DB: data/db\churn_data.db | Table: churn_prepared_transformed_table
2025-08-24 11:05:54,080 [INFO] Transforming dataset: data/processed\users_prepared_transformed.csv
2025-08-24 11:05:54,087 [INFO] Transformed CSV saved at data/processed\users_prepared_transformed.csv
2025-08-24 11:05:54,126 [INFO] Dataset stored in SQLite DB: data/db\churn_data.db | Table: users_prepared_transformed_table
2025-08-24 11:09:56,520 [INFO] Transforming dataset: data/processed\churn_prepared_transformed.csv
2025-08-24 11:09:56,657 [INFO] Transformed CSV saved at data/processed\churn_prepared_transformed.csv
2025-08-24 11:09:56,802 [INFO] Dataset stored in SQLite DB: data/db\churn_data.db | Table: churn_prepared_transformed_table
2025-08-24 11:09:56,830 [INFO] Transforming dataset: data/processed\users_prepared_transformed.csv
2025-08-24 11:09:56,834 [INFO] Transformed CSV saved at data/processed\users_prepared_transformed.csv
2025-08-24 11:09:56,876 [INFO] Dataset stored in SQLite DB: data/db\churn_data.db | Table: users_prepared_transformed_table
2025-08-24 12:26:03,469 [INFO] Transforming dataset: data/processed\churn_prepared_transformed.csv
2025-08-24 12:26:03,621 [INFO] Transformed CSV saved at data/processed\churn_prepared_transformed.csv
2025-08-24 12:26:03,752 [INFO] Dataset stored in SQLite DB: data/db\churn_data.db | Table: churn_prepared_transformed_table
2025-08-24 12:26:03,784 [INFO] Transforming dataset: data/processed\users_prepared_transformed.csv
2025-08-24 12:26:03,793 [INFO] Transformed CSV saved at data/processed\users_prepared_transformed.csv
2025-08-24 12:26:03,845 [INFO] Dataset stored in SQLite DB: data/db\churn_data.db | Table: users_prepared_transformed_table
2025-08-24 12:38:11,716 [INFO] Transforming dataset: data/processed\churn_prepared_transformed.csv
2025-08-24 12:38:12,225 [INFO] Transformed CSV saved at data/processed\churn_prepared_transformed.csv
2025-08-24 12:38:12,846 [INFO] Dataset stored in SQLite DB: data/db\churn_data.db | Table: churn_prepared_transformed_table
2025-08-24 12:38:12,921 [INFO] Transforming dataset: data/processed\users_prepared_transformed.csv
2025-08-24 12:38:12,935 [INFO] Transformed CSV saved at data/processed\users_prepared_transformed.csv
2025-08-24 12:38:13,009 [INFO] Dataset stored in SQLite DB: data/db\churn_data.db | Table: users_prepared_transformed_table
2025-08-24 14:26:19,601 [INFO] Transforming dataset: data/processed\churn_prepared_transformed.csv
2025-08-24 14:26:19,743 [INFO] Transformed CSV saved at data/processed\churn_prepared_transformed.csv
2025-08-24 14:26:19,878 [INFO] Dataset stored in SQLite DB: data/db\churn_data.db | Table: churn_prepared_transformed_table
2025-08-24 14:26:19,886 [INFO] Transforming dataset: data/processed\users_prepared_transformed.csv
2025-08-24 14:26:19,894 [INFO] Transformed CSV saved at data/processed\users_prepared_transformed.csv
2025-08-24 14:26:19,935 [INFO] Dataset stored in SQLite DB: data/db\churn_data.db | Table: users_prepared_transformed_table
2025-08-24 14:33:14,152 [INFO] Transforming dataset: data/processed\churn_prepared.csv
2025-08-24 14:33:14,313 [INFO] Transformed CSV saved at data/processed\churn_prepared_transformed.csv
2025-08-24 14:33:14,482 [INFO] Dataset stored in SQLite DB: data/db\churn_data.db | Table: churn_prepared_transformed_table
2025-08-24 14:33:14,492 [INFO] Transforming dataset: data/processed\users_prepared.csv
2025-08-24 14:33:14,502 [INFO] Transformed CSV saved at data/processed\users_prepared_transformed.csv
2025-08-24 14:33:14,629 [INFO] Dataset stored in SQLite DB: data/db\churn_data.db | Table: users_prepared_transformed_table
2025-08-24 14:36:34,001 [INFO] Transforming dataset: data/processed\churn_prepared_transformed.csv
2025-08-24 14:36:34,145 [INFO] Transformed CSV saved at data/processed\churn_prepared_transformed.csv
2025-08-24 14:36:34,282 [INFO] Dataset stored in SQLite DB: data/db\churn_data.db | Table: churn_prepared_transformed_table
2025-08-24 14:36:34,314 [INFO] Transforming dataset: data/processed\users_prepared_transformed.csv
2025-08-24 14:36:34,320 [INFO] Transformed CSV saved at data/processed\users_prepared_transformed.csv
2025-08-24 14:36:34,353 [INFO] Dataset stored in SQLite DB: data/db\churn_data.db | Table: users_prepared_transformed_table
2025-08-24 14:44:11,723 [INFO] Transforming dataset: data/processed\churn_prepared.csv
2025-08-24 14:44:11,923 [INFO] Transformed CSV saved at data/processed\churn_prepared_transformed.csv
2025-08-24 14:44:12,160 [INFO] Dataset stored in SQLite DB: data/db\churn_data.db | Table: churn_prepared_transformed_table
2025-08-24 14:44:12,179 [INFO] Transforming dataset: data/processed\users_prepared.csv
2025-08-24 14:44:12,190 [INFO] Transformed CSV saved at data/processed\users_prepared_transformed.csv
2025-08-24 14:44:12,250 [INFO] Dataset stored in SQLite DB: data/db\churn_data.db | Table: users_prepared_transformed_table
2025-08-24 18:40:32,317 [INFO] Transforming dataset: data/processed\churn_prepared_transformed.csv
2025-08-24 18:40:32,435 [INFO] Transformed CSV saved at data/processed\churn_prepared_transformed.csv
2025-08-24 18:40:32,634 [INFO] Dataset stored in SQLite DB: data/db\churn_data.db | Table: churn_prepared_transformed_table
2025-08-24 18:40:32,647 [INFO] Transforming dataset: data/processed\users_prepared_transformed.csv
2025-08-24 18:40:32,654 [INFO] Transformed CSV saved at data/processed\users_prepared_transformed.csv
2025-08-24 18:40:32,687 [INFO] Dataset stored in SQLite DB: data/db\churn_data.db | Table: users_prepared_transformed_table
2025-08-24 20:33:19,343 [INFO] Transforming dataset: data/processed\churn_prepared_transformed.csv
2025-08-24 20:33:19,493 [INFO] Transformed CSV saved at data/processed\churn_prepared_transformed.csv
2025-08-24 20:33:19,704 [INFO] Dataset stored in SQLite DB: data/db\churn_data.db | Table: churn_prepared_transformed_table
2025-08-24 20:33:19,755 [INFO] Transforming dataset: data/processed\users_prepared_transformed.csv
2025-08-24 20:33:19,766 [INFO] Transformed CSV saved at data/processed\users_prepared_transformed.csv
2025-08-24 20:33:19,804 [INFO] Dataset stored in SQLite DB: data/db\churn_data.db | Table: users_prepared_transformed_table
2025-08-24 20:40:50,918 [INFO] Transforming dataset: data/processed\churn_prepared_transformed.csv
2025-08-24 20:40:51,066 [INFO] Transformed CSV saved at data/processed\churn_prepared_transformed.csv
2025-08-24 20:40:51,236 [INFO] Dataset stored in SQLite DB: data/db\churn_data.db | Table: churn_prepared_transformed_table
2025-08-24 20:40:51,268 [INFO] Transforming dataset: data/processed\users_prepared_transformed.csv
2025-08-24 20:40:51,279 [INFO] Transformed CSV saved at data/processed\users_prepared_transformed.csv
2025-08-24 20:40:51,312 [INFO] Dataset stored in SQLite DB: data/db\churn_data.db | Table: users_prepared_transformed_table
2025-08-24 20:44:24,330 [INFO] Transforming dataset: data/processed\churn_prepared_transformed.csv
2025-08-24 20:44:24,476 [INFO] Transformed CSV saved at data/processed\churn_prepared_transformed.csv
2025-08-24 20:44:24,655 [INFO] Dataset stored in SQLite DB: data/db\churn_data.db | Table: churn_prepared_transformed_table
2025-08-24 20:44:24,681 [INFO] Transforming dataset: data/processed\users_prepared_transformed.csv
2025-08-24 20:44:24,690 [INFO] Transformed CSV saved at data/processed\users_prepared_transformed.csv
2025-08-24 20:44:24,726 [INFO] Dataset stored in SQLite DB: data/db\churn_data.db | Table: users_prepared_transformed_table
2025-08-24 21:15:53,318 [INFO] Transforming dataset: data/processed\churn_prepared_transformed.csv
2025-08-24 21:15:53,482 [INFO] Transformed CSV saved at data/processed\churn_prepared_transformed.csv
2025-08-24 21:15:53,692 [INFO] Dataset stored in SQLite DB: data/db\churn_data.db | Table: churn_prepared_transformed_table
2025-08-24 21:15:53,725 [INFO] Transforming dataset: data/processed\users_prepared_transformed.csv
2025-08-24 21:15:53,739 [INFO] Transformed CSV saved at data/processed\users_prepared_transformed.csv
2025-08-24 21:15:53,778 [INFO] Dataset stored in SQLite DB: data/db\churn_data.db | Table: users_prepared_transformed_table
2025-08-24 21:20:51,316 [INFO] Transforming dataset: data/processed\churn_prepared_transformed.csv
2025-08-24 21:20:51,642 [INFO] Transformed CSV saved at data/processed\churn_prepared_transformed.csv
2025-08-24 21:20:51,898 [INFO] Dataset stored in SQLite DB: data/db\churn_data.db | Table: churn_prepared_transformed_table
2025-08-24 21:20:51,936 [INFO] Transforming dataset: data/processed\users_prepared_transformed.csv
2025-08-24 21:20:51,950 [INFO] Transformed CSV saved at data/processed\users_prepared_transformed.csv
2025-08-24 21:20:51,999 [INFO] Dataset stored in SQLite DB: data/db\churn_data.db | Table: users_prepared_transformed_table
2025-08-24 21:26:12,008 [INFO] Transforming dataset: data/processed\churn_prepared_transformed.csv
2025-08-24 21:26:12,318 [INFO] Transformed CSV saved at data/processed\churn_prepared_transformed.csv
2025-08-24 21:26:12,623 [INFO] Dataset stored in SQLite DB: data/db\churn_data.db | Table: churn_prepared_transformed_table
2025-08-24 21:26:12,702 [INFO] Transforming dataset: data/processed\users_prepared_transformed.csv
2025-08-24 21:26:12,719 [INFO] Transformed CSV saved at data/processed\users_prepared_transformed.csv
2025-08-24 21:26:12,792 [INFO] Dataset stored in SQLite DB: data/db\churn_data.db | Table: users_prepared_transformed_table
2025-08-24 21:31:03,596 [INFO] Transforming dataset: data/processed\churn_prepared_transformed.csv
2025-08-24 21:31:03,745 [INFO] Transformed CSV saved at data/processed\churn_prepared_transformed.csv
2025-08-24 21:31:04,013 [INFO] Dataset stored in SQLite DB: data/db\churn_data.db | Table: churn_prepared_transformed_table
2025-08-24 21:31:04,049 [INFO] Transforming dataset: data/processed\users_prepared_transformed.csv
2025-08-24 21:31:04,053 [INFO] Transformed CSV saved at data/processed\users_prepared_transformed.csv
2025-08-24 21:31:04,106 [INFO] Dataset stored in SQLite DB: data/db\churn_data.db | Table: users_prepared_transformed_table
2025-08-24 21:35:58,835 [INFO] Transforming dataset: data/processed\churn_prepared_transformed.csv
2025-08-24 21:35:58,953 [INFO] Transformed CSV saved at data/processed\churn_prepared_transformed.csv
2025-08-24 21:35:59,112 [INFO] Dataset stored in SQLite DB: data/db\churn_data.db | Table: churn_prepared_transformed_table
2025-08-24 21:35:59,142 [INFO] Transforming dataset: data/processed\users_prepared_transformed.csv
2025-08-24 21:35:59,149 [INFO] Transformed CSV saved at data/processed\users_prepared_transformed.csv
2025-08-24 21:35:59,181 [INFO] Dataset stored in SQLite DB: data/db\churn_data.db | Table: users_prepared_transformed_table
2025-08-24 21:43:50,106 [INFO] Transforming dataset: data/processed\churn_prepared_transformed.csv
2025-08-24 21:43:50,309 [INFO] Transformed CSV saved at data/processed\churn_prepared_transformed.csv
2025-08-24 21:43:50,508 [INFO] Dataset stored in SQLite DB: data/db\churn_data.db | Table: churn_prepared_transformed_table
2025-08-24 21:43:50,532 [INFO] Transforming dataset: data/processed\users_prepared_transformed.csv
2025-08-24 21:43:50,540 [INFO] Transformed CSV saved at data/processed\users_prepared_transformed.csv
2025-08-24 21:43:50,572 [INFO] Dataset stored in SQLite DB: data/db\churn_data.db | Table: users_prepared_transformed_table
2025-08-24 21:57:27,398 [INFO] Transforming dataset: data/processed\churn_prepared_transformed.csv
2025-08-24 21:57:27,626 [INFO] Transformed CSV saved at data/processed\churn_prepared_transformed.csv
2025-08-24 21:57:27,902 [INFO] Dataset stored in SQLite DB: data/db\churn_data.db | Table: churn_prepared_transformed_table
2025-08-24 21:57:27,959 [INFO] Transforming dataset: data/processed\users_prepared_transformed.csv
2025-08-24 21:57:27,972 [INFO] Transformed CSV saved at data/processed\users_prepared_transformed.csv
2025-08-24 21:57:28,065 [INFO] Dataset stored in SQLite DB: data/db\churn_data.db | Table: users_prepared_transformed_table
2025-08-24 22:00:41,747 [INFO] Transforming dataset: data/processed\churn_prepared_transformed.csv
2025-08-24 22:00:41,872 [INFO] Transformed CSV saved at data/processed\churn_prepared_transformed.csv
2025-08-24 22:00:42,018 [INFO] Dataset stored in SQLite DB: data/db\churn_data.db | Table: churn_prepared_transformed_table
2025-08-24 22:00:42,038 [INFO] Transforming dataset: data/processed\users_prepared_transformed.csv
2025-08-24 22:00:42,044 [INFO] Transformed CSV saved at data/processed\users_prepared_transformed.csv
2025-08-24 22:00:42,067 [INFO] Dataset stored in SQLite DB: data/db\churn_data.db | Table: users_prepared_transformed_table
2025-08-24 22:05:42,599 [INFO] Transforming dataset: data/processed\churn_prepared_transformed.csv
2025-08-24 22:05:42,725 [INFO] Transformed CSV saved at data/processed\churn_prepared_transformed.csv
2025-08-24 22:05:42,890 [INFO] Dataset stored in SQLite DB: data/db\churn_data.db | Table: churn_prepared_transformed_table
2025-08-24 22:05:42,910 [INFO] Transforming dataset: data/processed\users_prepared_transformed.csv
2025-08-24 22:05:42,917 [INFO] Transformed CSV saved at data/processed\users_prepared_transformed.csv
2025-08-24 22:05:42,946 [INFO] Dataset stored in SQLite DB: data/db\churn_data.db | Table: users_prepared_transformed_table
2025-08-24 22:10:51,770 [INFO] Transforming dataset: data/processed\churn_prepared_transformed.csv
2025-08-24 22:10:51,991 [INFO] Transformed CSV saved at data/processed\churn_prepared_transformed.csv
2025-08-24 22:10:52,287 [INFO] Dataset stored in SQLite DB: data/db\churn_data.db | Table: churn_prepared_transformed_table
2025-08-24 22:10:52,330 [INFO] Transforming dataset: data/processed\users_prepared_transformed.csv
2025-08-24 22:10:52,342 [INFO] Transformed CSV saved at data/processed\users_prepared_transformed.csv
2025-08-24 22:10:52,400 [INFO] Dataset stored in SQLite DB: data/db\churn_data.db | Table: users_prepared_transformed_table
2025-08-24 22:17:09,613 [INFO] Transforming dataset: data/processed\churn_prepared_transformed.csv
2025-08-24 22:17:09,933 [INFO] Transformed CSV saved at data/processed\churn_prepared_transformed.csv
2025-08-24 22:17:10,314 [INFO] Dataset stored in SQLite DB: data/db\churn_data.db | Table: churn_prepared_transformed_table
2025-08-24 22:17:10,331 [INFO] Transforming dataset: data/processed\users_prepared_transformed.csv
2025-08-24 22:17:10,347 [INFO] Transformed CSV saved at data/processed\users_prepared_transformed.csv
2025-08-24 22:17:10,418 [INFO] Dataset stored in SQLite DB: data/db\churn_data.db | Table: users_prepared_transformed_table
2025-08-24 22:21:04,154 [INFO] Transforming dataset: data/processed\churn_prepared_transformed.csv
2025-08-24 22:21:04,278 [INFO] Transformed CSV saved at data/processed\churn_prepared_transformed.csv
2025-08-24 22:21:04,490 [INFO] Dataset stored in SQLite DB: data/db\churn_data.db | Table: churn_prepared_transformed_table
2025-08-24 22:21:04,548 [INFO] Transforming dataset: data/processed\users_prepared_transformed.csv
2025-08-24 22:21:04,555 [INFO] Transformed CSV saved at data/processed\users_prepared_transformed.csv
2025-08-24 22:21:04,588 [INFO] Dataset stored in SQLite DB: data/db\churn_data.db | Table: users_prepared_transformed_table
2025-08-24 22:25:41,257 [INFO] Transforming dataset: data/processed\churn_prepared_transformed.csv
2025-08-24 22:25:41,382 [INFO] Transformed CSV saved at data/processed\churn_prepared_transformed.csv
2025-08-24 22:25:41,521 [INFO] Dataset stored in SQLite DB: data/db\churn_data.db | Table: churn_prepared_transformed_table
2025-08-24 22:25:41,541 [INFO] Transforming dataset: data/processed\users_prepared_transformed.csv
2025-08-24 22:25:41,547 [INFO] Transformed CSV saved at data/processed\users_prepared_transformed.csv
2025-08-24 22:25:41,582 [INFO] Dataset stored in SQLite DB: data/db\churn_data.db | Table: users_prepared_transformed_table
2025-08-24 22:31:43,791 [INFO] Transforming dataset: data/processed\churn_prepared_transformed.csv
2025-08-24 22:31:43,974 [INFO] Transformed CSV saved at data/processed\churn_prepared_transformed.csv
2025-08-24 22:31:44,254 [INFO] Dataset stored in SQLite DB: data/db\churn_data.db | Table: churn_prepared_transformed_table
2025-08-24 22:31:44,289 [INFO] Transforming dataset: data/processed\users_prepared_transformed.csv
2025-08-24 22:31:44,301 [INFO] Transformed CSV saved at data/processed\users_prepared_transformed.csv
2025-08-24 22:31:44,353 [INFO] Dataset stored in SQLite DB: data/db\churn_data.db | Table: users_prepared_transformed_table
2025-08-24 22:36:07,202 [INFO] Transforming dataset: data/processed\churn_prepared_transformed.csv
2025-08-24 22:36:07,336 [INFO] Transformed CSV saved at data/processed\churn_prepared_transformed.csv
2025-08-24 22:36:07,480 [INFO] Dataset stored in SQLite DB: data/db\churn_data.db | Table: churn_prepared_transformed_table
2025-08-24 22:36:07,503 [INFO] Transforming dataset: data/processed\users_prepared_transformed.csv
2025-08-24 22:36:07,510 [INFO] Transformed CSV saved at data/processed\users_prepared_transformed.csv
2025-08-24 22:36:07,538 [INFO] Dataset stored in SQLite DB: data/db\churn_data.db | Table: users_prepared_transformed_table
